<?xml version="1.0" encoding="UTF-8"?>
<testsuite name="com.pacman.AdditionalTests" tests="3" skipped="0" failures="0" errors="0" timestamp="2025-07-09T08:37:43.152Z" hostname="CL-ALESSANDRO-C" time="0.247">
  <properties/>
  <testcase name="pacmanGhostCollision_invokesLoseLife()" classname="com.pacman.AdditionalTests" time="0.124"/>
  <testcase name="collectFood_returns10AndRemovesDot()" classname="com.pacman.AdditionalTests" time="0.03"/>
  <testcase name="startSound_loadsAndReturnsClip()" classname="com.pacman.AdditionalTests" time="0.089"/>
  <system-out><![CDATA[Suono caricato con successo: test-start
]]></system-out>
  <system-err><![CDATA[lug 09, 2025 10:37:42 AM com.sun.javafx.application.PlatformImpl startup
AVVERTENZA: Unsupported JavaFX configuration: classes were loaded from 'unnamed module @7ea9e1e2'
]]></system-err>
</testsuite>
