<?xml version="1.0" encoding="UTF-8"?>
<testsuite name="com.pacman.GameMapTest" tests="1" skipped="0" failures="0" errors="0" timestamp="2025-07-04T13:46:01.048Z" hostname="LAPTOP-89T8E2EK" time="0.015">
  <properties/>
  <testcase name="loadMap_populatesWallsFoodsAndPacman()" classname="com.pacman.GameMapTest" time="0.015"/>
  <system-out><![CDATA[]]></system-out>
  <system-err><![CDATA[]]></system-err>
</testsuite>
