<?xml version="1.0" encoding="UTF-8"?>
<testsuite name="com.pacman.AdditionalTests" tests="3" skipped="0" failures="0" errors="0" timestamp="2025-07-04T13:46:00.696Z" hostname="LAPTOP-89T8E2EK" time="0.347">
  <properties/>
  <testcase name="pacmanGhostCollision_invokesLoseLife()" classname="com.pacman.AdditionalTests" time="0.07"/>
  <testcase name="collectFood_returns10AndRemovesDot()" classname="com.pacman.AdditionalTests" time="0.02"/>
  <testcase name="startSound_loadsAndReturnsClip()" classname="com.pacman.AdditionalTests" time="0.255"/>
  <system-out><![CDATA[Suono caricato con successo: test-start
]]></system-out>
  <system-err><![CDATA[lug 04, 2025 3:46:00 PM com.sun.javafx.application.PlatformImpl startup
AVVERTENZA: Unsupported JavaFX configuration: classes were loaded from 'unnamed module @6bedbc4d'
]]></system-err>
</testsuite>
