<?xml version="1.0" encoding="UTF-8"?>
<testsuite name="com.pacman.GhostMovementTest" tests="2" skipped="0" failures="0" errors="0" timestamp="2025-07-09T08:37:43.442Z" hostname="CL-ALESSANDRO-C" time="0.073">
  <properties/>
  <testcase name="blueStrategy_returnsValidDirection()" classname="com.pacman.GhostMovementTest" time="0.039"/>
  <testcase name="cageStrategy_alwaysUp()" classname="com.pacman.GhostMovementTest" time="0.033"/>
  <system-out><![CDATA[]]></system-out>
  <system-err><![CDATA[]]></system-err>
</testsuite>
