<?xml version="1.0" encoding="UTF-8"?>
<testsuite name="com.pacman.GameMapTest" tests="1" skipped="0" failures="0" errors="0" timestamp="2025-07-09T08:37:43.404Z" hostname="CL-ALESSANDRO-C" time="0.029">
  <properties/>
  <testcase name="loadMap_populatesWallsFoodsAndPacman()" classname="com.pacman.GameMapTest" time="0.029"/>
  <system-out><![CDATA[]]></system-out>
  <system-err><![CDATA[]]></system-err>
</testsuite>
